1633802456664	geckodriver	INFO	Listening on 127.0.0.1:49228
1633802457202	mozrunner::runner	INFO	Running command: "C:\\Program Files (x86)\\firefox.exe" "--marionette" "-no-remote" "-profile" "C:\\Users\\1D1D~1\\AppData\\Local\\Temp\\rust_mozprofileCCNrM1"
1633802457782	Marionette	INFO	Marionette enabled
console.warn: SearchSettings: "get: No settings file exists, new profile?" (new NotFoundError("Could not open the file at C:\\Users\\\u041B\u044E\u0434\u043C\u0438\u043B\u0430\\AppData\\Local\\Temp\\rust_mozprofileCCNrM1\\search.json.mozlz4", (void 0)))
1633802460812	Marionette	INFO	Listening on port 49233
1633802461166	RemoteAgent	WARN	TLS certificate errors will be ignored for this session
JavaScript error: https://etk.bosch-plus.ru/app-www/js/bower_components/underscore/underscore.js, line 899: InternalError: too much recursion
JavaScript warning: https://mc.yandex.ru/metrika/tag.js, line 9: WEBGL_debug_renderer_info is deprecated in Firefox and will be removed. Please use RENDERER.
1633802465717	Marionette	INFO	Stopped listening on port 49233
JavaScript error: resource://gre/modules/UrlClassifierListManager.jsm, line 691: TypeError: this.tablesData[table] is undefined
JavaScript error: resource:///modules/Interactions.jsm, line 201: NS_ERROR_FAILURE: Component returned failure code: 0x80004005 (NS_ERROR_FAILURE) [nsIUserIdleService.removeIdleObserver]
console.warn: TopSitesFeed: Failed to fetch data from Contile server: NetworkError when attempting to fetch resource.

###!!! [Parent][RunMessage] Error: Channel closing: too late to send/recv, messages will be lost

1633803895265	geckodriver	INFO	Listening on 127.0.0.1:54840
1633803895313	mozrunner::runner	INFO	Running command: "C:\\Program Files (x86)\\firefox.exe" "--marionette" "-no-remote" "-profile" "C:\\Users\\1D1D~1\\AppData\\Local\\Temp\\rust_mozprofile96rNVp"
1633803895778	Marionette	INFO	Marionette enabled
console.warn: SearchSettings: "get: No settings file exists, new profile?" (new NotFoundError("Could not open the file at C:\\Users\\\u041B\u044E\u0434\u043C\u0438\u043B\u0430\\AppData\\Local\\Temp\\rust_mozprofile96rNVp\\search.json.mozlz4", (void 0)))
1633803898898	Marionette	INFO	Listening on port 54845
1633803899471	RemoteAgent	WARN	TLS certificate errors will be ignored for this session
JavaScript error: https://etk.bosch-plus.ru/app-www/js/bower_components/underscore/underscore.js, line 899: InternalError: too much recursion
JavaScript warning: https://mc.yandex.ru/metrika/tag.js, line 9: WEBGL_debug_renderer_info is deprecated in Firefox and will be removed. Please use RENDERER.
1633803909766	Marionette	INFO	Stopped listening on port 54845
JavaScript error: resource:///modules/Interactions.jsm, line 201: NS_ERROR_FAILURE: Component returned failure code: 0x80004005 (NS_ERROR_FAILURE) [nsIUserIdleService.removeIdleObserver]
console.warn: TopSitesFeed: Failed to fetch data from Contile server: NetworkError when attempting to fetch resource.
[Parent 11604, IPC I/O Parent] WARNING: file /builds/worker/checkouts/gecko/ipc/chromium/src/base/process_util_win.cc:167

###!!! [Parent][RunMessage] Error: Channel closing: too late to send/recv, messages will be lost

1633803943729	geckodriver	INFO	Listening on 127.0.0.1:54909
1633803943752	mozrunner::runner	INFO	Running command: "C:\\Program Files (x86)\\firefox.exe" "--marionette" "-no-remote" "-profile" "C:\\Users\\1D1D~1\\AppData\\Local\\Temp\\rust_mozprofileCal0ch"
1633803944245	Marionette	INFO	Marionette enabled
console.warn: SearchSettings: "get: No settings file exists, new profile?" (new NotFoundError("Could not open the file at C:\\Users\\\u041B\u044E\u0434\u043C\u0438\u043B\u0430\\AppData\\Local\\Temp\\rust_mozprofileCal0ch\\search.json.mozlz4", (void 0)))
1633803947262	Marionette	INFO	Listening on port 54914
1633803947638	RemoteAgent	WARN	TLS certificate errors will be ignored for this session
JavaScript error: https://etk.bosch-plus.ru/app-www/js/bower_components/underscore/underscore.js, line 899: InternalError: too much recursion
JavaScript warning: https://mc.yandex.ru/metrika/tag.js, line 9: WEBGL_debug_renderer_info is deprecated in Firefox and will be removed. Please use RENDERER.
1633803960245	Marionette	INFO	Stopped listening on port 54914
JavaScript error: resource:///modules/Interactions.jsm, line 201: NS_ERROR_FAILURE: Component returned failure code: 0x80004005 (NS_ERROR_FAILURE) [nsIUserIdleService.removeIdleObserver]
console.warn: TopSitesFeed: Failed to fetch data from Contile server: NetworkError when attempting to fetch resource.
1633803967826	geckodriver	INFO	Listening on 127.0.0.1:54974
1633803967841	mozrunner::runner	INFO	Running command: "C:\\Program Files (x86)\\firefox.exe" "--marionette" "-no-remote" "-profile" "C:\\Users\\1D1D~1\\AppData\\Local\\Temp\\rust_mozprofileMWFwRz"
1633803968310	Marionette	INFO	Marionette enabled
console.warn: SearchSettings: "get: No settings file exists, new profile?" (new NotFoundError("Could not open the file at C:\\Users\\\u041B\u044E\u0434\u043C\u0438\u043B\u0430\\AppData\\Local\\Temp\\rust_mozprofileMWFwRz\\search.json.mozlz4", (void 0)))
1633803971760	Marionette	INFO	Listening on port 54979
1633803972184	RemoteAgent	WARN	TLS certificate errors will be ignored for this session
JavaScript error: https://etk.bosch-plus.ru/app-www/js/bower_components/underscore/underscore.js, line 899: InternalError: too much recursion
JavaScript warning: https://mc.yandex.ru/metrika/tag.js, line 9: WEBGL_debug_renderer_info is deprecated in Firefox and will be removed. Please use RENDERER.
1633803991252	Marionette	INFO	Stopped listening on port 54979
JavaScript error: resource:///modules/Interactions.jsm, line 201: NS_ERROR_FAILURE: Component returned failure code: 0x80004005 (NS_ERROR_FAILURE) [nsIUserIdleService.removeIdleObserver]
console.warn: TopSitesFeed: Failed to fetch data from Contile server: NetworkError when attempting to fetch resource.
[Parent 3840, IPC I/O Parent] WARNING: file /builds/worker/checkouts/gecko/ipc/chromium/src/base/process_util_win.cc:167

###!!! [Parent][RunMessage] Error: Channel closing: too late to send/recv, messages will be lost

1633804016508	geckodriver	INFO	Listening on 127.0.0.1:55039
1633804016531	mozrunner::runner	INFO	Running command: "C:\\Program Files (x86)\\firefox.exe" "--marionette" "-no-remote" "-profile" "C:\\Users\\1D1D~1\\AppData\\Local\\Temp\\rust_mozprofilea2ZsDl"
1633804017064	Marionette	INFO	Marionette enabled
console.warn: SearchSettings: "get: No settings file exists, new profile?" (new NotFoundError("Could not open the file at C:\\Users\\\u041B\u044E\u0434\u043C\u0438\u043B\u0430\\AppData\\Local\\Temp\\rust_mozprofilea2ZsDl\\search.json.mozlz4", (void 0)))
1633804020046	Marionette	INFO	Listening on port 55044
1633804020412	RemoteAgent	WARN	TLS certificate errors will be ignored for this session
JavaScript error: https://etk.bosch-plus.ru/app-www/js/bower_components/underscore/underscore.js, line 899: InternalError: too much recursion
JavaScript warning: https://mc.yandex.ru/metrika/tag.js, line 9: WEBGL_debug_renderer_info is deprecated in Firefox and will be removed. Please use RENDERER.
1633804041541	Marionette	INFO	Stopped listening on port 55044
JavaScript error: resource:///modules/Interactions.jsm, line 201: NS_ERROR_FAILURE: Component returned failure code: 0x80004005 (NS_ERROR_FAILURE) [nsIUserIdleService.removeIdleObserver]
console.warn: TopSitesFeed: Failed to fetch data from Contile server: NetworkError when attempting to fetch resource.
[Parent 9448, IPC I/O Parent] WARNING: file /builds/worker/checkouts/gecko/ipc/chromium/src/base/process_util_win.cc:167

###!!! [Parent][RunMessage] Error: Channel closing: too late to send/recv, messages will be lost

1633804136471	geckodriver	INFO	Listening on 127.0.0.1:55114
1633804136529	mozrunner::runner	INFO	Running command: "C:\\Program Files (x86)\\firefox.exe" "--marionette" "-no-remote" "-profile" "C:\\Users\\1D1D~1\\AppData\\Local\\Temp\\rust_mozprofileQtu2L8"
1633804137167	Marionette	INFO	Marionette enabled
console.warn: SearchSettings: "get: No settings file exists, new profile?" (new NotFoundError("Could not open the file at C:\\Users\\\u041B\u044E\u0434\u043C\u0438\u043B\u0430\\AppData\\Local\\Temp\\rust_mozprofileQtu2L8\\search.json.mozlz4", (void 0)))
1633804140313	Marionette	INFO	Listening on port 55119
1633804140522	RemoteAgent	WARN	TLS certificate errors will be ignored for this session
JavaScript error: https://etk.bosch-plus.ru/app-www/js/bower_components/underscore/underscore.js, line 899: InternalError: too much recursion
JavaScript warning: https://mc.yandex.ru/metrika/tag.js, line 9: WEBGL_debug_renderer_info is deprecated in Firefox and will be removed. Please use RENDERER.
1633804157224	Marionette	INFO	Stopped listening on port 55119
JavaScript error: resource:///modules/Interactions.jsm, line 201: NS_ERROR_FAILURE: Component returned failure code: 0x80004005 (NS_ERROR_FAILURE) [nsIUserIdleService.removeIdleObserver]
console.warn: TopSitesFeed: Failed to fetch data from Contile server: NetworkError when attempting to fetch resource.
1633804199098	geckodriver	INFO	Listening on 127.0.0.1:55179
1633804199122	mozrunner::runner	INFO	Running command: "C:\\Program Files (x86)\\firefox.exe" "--marionette" "-no-remote" "-profile" "C:\\Users\\1D1D~1\\AppData\\Local\\Temp\\rust_mozprofileNW0p9g"
1633804199570	Marionette	INFO	Marionette enabled
console.warn: SearchSettings: "get: No settings file exists, new profile?" (new NotFoundError("Could not open the file at C:\\Users\\\u041B\u044E\u0434\u043C\u0438\u043B\u0430\\AppData\\Local\\Temp\\rust_mozprofileNW0p9g\\search.json.mozlz4", (void 0)))
1633804202906	Marionette	INFO	Listening on port 55184
1633804203181	RemoteAgent	WARN	TLS certificate errors will be ignored for this session
JavaScript error: https://etk.bosch-plus.ru/app-www/js/bower_components/underscore/underscore.js, line 899: InternalError: too much recursion
JavaScript warning: https://mc.yandex.ru/metrika/tag.js, line 9: WEBGL_debug_renderer_info is deprecated in Firefox and will be removed. Please use RENDERER.
1633804209658	Marionette	INFO	Stopped listening on port 55184
JavaScript error: resource:///modules/Interactions.jsm, line 201: NS_ERROR_FAILURE: Component returned failure code: 0x80004005 (NS_ERROR_FAILURE) [nsIUserIdleService.removeIdleObserver]
console.warn: TopSitesFeed: Failed to fetch data from Contile server: NetworkError when attempting to fetch resource.

###!!! [Child][RunMessage] Error: Channel closing: too late to send/recv, messages will be lost

[Parent 4104, IPC I/O Parent] WARNING: file /builds/worker/checkouts/gecko/ipc/chromium/src/base/process_util_win.cc:167

###!!! [Parent][RunMessage] Error: Channel closing: too late to send/recv, messages will be lost

1633804246467	geckodriver	INFO	Listening on 127.0.0.1:55245
1633804246481	mozrunner::runner	INFO	Running command: "C:\\Program Files (x86)\\firefox.exe" "--marionette" "-no-remote" "-profile" "C:\\Users\\1D1D~1\\AppData\\Local\\Temp\\rust_mozprofilekjX1P2"
1633804246960	Marionette	INFO	Marionette enabled
console.warn: SearchSettings: "get: No settings file exists, new profile?" (new NotFoundError("Could not open the file at C:\\Users\\\u041B\u044E\u0434\u043C\u0438\u043B\u0430\\AppData\\Local\\Temp\\rust_mozprofilekjX1P2\\search.json.mozlz4", (void 0)))
1633804250082	Marionette	INFO	Listening on port 55250
1633804250320	RemoteAgent	WARN	TLS certificate errors will be ignored for this session
JavaScript error: https://etk.bosch-plus.ru/app-www/js/bower_components/underscore/underscore.js, line 899: InternalError: too much recursion
JavaScript warning: https://mc.yandex.ru/metrika/tag.js, line 9: WEBGL_debug_renderer_info is deprecated in Firefox and will be removed. Please use RENDERER.
1633804258250	Marionette	INFO	Stopped listening on port 55250
JavaScript error: resource:///modules/Interactions.jsm, line 201: NS_ERROR_FAILURE: Component returned failure code: 0x80004005 (NS_ERROR_FAILURE) [nsIUserIdleService.removeIdleObserver]
console.warn: TopSitesFeed: Failed to fetch data from Contile server: NetworkError when attempting to fetch resource.
[Parent 5124, IPC I/O Parent] WARNING: file /builds/worker/checkouts/gecko/ipc/chromium/src/base/process_util_win.cc:167
1633804419700	geckodriver	INFO	Listening on 127.0.0.1:55318
1633804419714	mozrunner::runner	INFO	Running command: "C:\\Program Files (x86)\\firefox.exe" "--marionette" "-no-remote" "-profile" "C:\\Users\\1D1D~1\\AppData\\Local\\Temp\\rust_mozprofileLtVLSE"
1633804420213	Marionette	INFO	Marionette enabled
console.warn: SearchSettings: "get: No settings file exists, new profile?" (new NotFoundError("Could not open the file at C:\\Users\\\u041B\u044E\u0434\u043C\u0438\u043B\u0430\\AppData\\Local\\Temp\\rust_mozprofileLtVLSE\\search.json.mozlz4", (void 0)))
1633804423240	Marionette	INFO	Listening on port 55323
1633804423557	RemoteAgent	WARN	TLS certificate errors will be ignored for this session
JavaScript error: https://etk.bosch-plus.ru/app-www/js/bower_components/underscore/underscore.js, line 899: InternalError: too much recursion
JavaScript warning: https://mc.yandex.ru/metrika/tag.js, line 9: WEBGL_debug_renderer_info is deprecated in Firefox and will be removed. Please use RENDERER.
1633804430782	Marionette	INFO	Stopped listening on port 55323
JavaScript error: resource:///modules/Interactions.jsm, line 201: NS_ERROR_FAILURE: Component returned failure code: 0x80004005 (NS_ERROR_FAILURE) [nsIUserIdleService.removeIdleObserver]
console.warn: TopSitesFeed: Failed to fetch data from Contile server: NetworkError when attempting to fetch resource.
[Parent 12724, IPC I/O Parent] WARNING: file /builds/worker/checkouts/gecko/ipc/chromium/src/base/process_util_win.cc:167

###!!! [Parent][RunMessage] Error: Channel closing: too late to send/recv, messages will be lost

1633804505917	geckodriver	INFO	Listening on 127.0.0.1:55388
1633804505931	mozrunner::runner	INFO	Running command: "C:\\Program Files (x86)\\firefox.exe" "--marionette" "-no-remote" "-profile" "C:\\Users\\1D1D~1\\AppData\\Local\\Temp\\rust_mozprofileDUTrsT"
1633804506432	Marionette	INFO	Marionette enabled
console.warn: SearchSettings: "get: No settings file exists, new profile?" (new NotFoundError("Could not open the file at C:\\Users\\\u041B\u044E\u0434\u043C\u0438\u043B\u0430\\AppData\\Local\\Temp\\rust_mozprofileDUTrsT\\search.json.mozlz4", (void 0)))
1633804509471	Marionette	INFO	Listening on port 55393
1633804509772	RemoteAgent	WARN	TLS certificate errors will be ignored for this session
JavaScript error: https://etk.bosch-plus.ru/app-www/js/bower_components/underscore/underscore.js, line 899: InternalError: too much recursion
JavaScript warning: https://mc.yandex.ru/metrika/tag.js, line 9: WEBGL_debug_renderer_info is deprecated in Firefox and will be removed. Please use RENDERER.
1633804517508	Marionette	INFO	Stopped listening on port 55393
JavaScript error: resource:///modules/Interactions.jsm, line 201: NS_ERROR_FAILURE: Component returned failure code: 0x80004005 (NS_ERROR_FAILURE) [nsIUserIdleService.removeIdleObserver]
console.warn: TopSitesFeed: Failed to fetch data from Contile server: NetworkError when attempting to fetch resource.
1633804548081	geckodriver	INFO	Listening on 127.0.0.1:55453
1633804548114	mozrunner::runner	INFO	Running command: "C:\\Program Files (x86)\\firefox.exe" "--marionette" "-no-remote" "-profile" "C:\\Users\\1D1D~1\\AppData\\Local\\Temp\\rust_mozprofile607bZL"
1633804548634	Marionette	INFO	Marionette enabled
console.warn: SearchSettings: "get: No settings file exists, new profile?" (new NotFoundError("Could not open the file at C:\\Users\\\u041B\u044E\u0434\u043C\u0438\u043B\u0430\\AppData\\Local\\Temp\\rust_mozprofile607bZL\\search.json.mozlz4", (void 0)))
1633804552077	Marionette	INFO	Listening on port 55458
1633804552466	RemoteAgent	WARN	TLS certificate errors will be ignored for this session
JavaScript error: https://etk.bosch-plus.ru/app-www/js/bower_components/underscore/underscore.js, line 899: InternalError: too much recursion
JavaScript warning: https://mc.yandex.ru/metrika/tag.js, line 9: WEBGL_debug_renderer_info is deprecated in Firefox and will be removed. Please use RENDERER.
1633804558492	Marionette	INFO	Stopped listening on port 55458
JavaScript error: resource:///modules/Interactions.jsm, line 201: NS_ERROR_FAILURE: Component returned failure code: 0x80004005 (NS_ERROR_FAILURE) [nsIUserIdleService.removeIdleObserver]
console.warn: TopSitesFeed: Failed to fetch data from Contile server: NetworkError when attempting to fetch resource.
1633804645625	geckodriver	INFO	Listening on 127.0.0.1:55522
1633804645639	mozrunner::runner	INFO	Running command: "C:\\Program Files (x86)\\firefox.exe" "--marionette" "-no-remote" "-profile" "C:\\Users\\1D1D~1\\AppData\\Local\\Temp\\rust_mozprofileIMCLAe"
1633804646143	Marionette	INFO	Marionette enabled
console.warn: SearchSettings: "get: No settings file exists, new profile?" (new NotFoundError("Could not open the file at C:\\Users\\\u041B\u044E\u0434\u043C\u0438\u043B\u0430\\AppData\\Local\\Temp\\rust_mozprofileIMCLAe\\search.json.mozlz4", (void 0)))
1633804649460	Marionette	INFO	Listening on port 55527
1633804649652	RemoteAgent	WARN	TLS certificate errors will be ignored for this session
JavaScript error: https://etk.bosch-plus.ru/app-www/js/bower_components/underscore/underscore.js, line 899: InternalError: too much recursion
JavaScript warning: https://mc.yandex.ru/metrika/tag.js, line 9: WEBGL_debug_renderer_info is deprecated in Firefox and will be removed. Please use RENDERER.
1633804659609	Marionette	INFO	Stopped listening on port 55527
JavaScript error: resource:///modules/Interactions.jsm, line 201: NS_ERROR_FAILURE: Component returned failure code: 0x80004005 (NS_ERROR_FAILURE) [nsIUserIdleService.removeIdleObserver]
console.warn: TopSitesFeed: Failed to fetch data from Contile server: NetworkError when attempting to fetch resource.
1633804681219	geckodriver	INFO	Listening on 127.0.0.1:55585
1633804681234	mozrunner::runner	INFO	Running command: "C:\\Program Files (x86)\\firefox.exe" "--marionette" "-no-remote" "-profile" "C:\\Users\\1D1D~1\\AppData\\Local\\Temp\\rust_mozprofile9l7kjI"
1633804681721	Marionette	INFO	Marionette enabled
console.warn: SearchSettings: "get: No settings file exists, new profile?" (new NotFoundError("Could not open the file at C:\\Users\\\u041B\u044E\u0434\u043C\u0438\u043B\u0430\\AppData\\Local\\Temp\\rust_mozprofile9l7kjI\\search.json.mozlz4", (void 0)))
1633804684770	Marionette	INFO	Listening on port 55590
1633804685078	RemoteAgent	WARN	TLS certificate errors will be ignored for this session
JavaScript error: https://etk.bosch-plus.ru/app-www/js/bower_components/underscore/underscore.js, line 899: InternalError: too much recursion
JavaScript warning: https://mc.yandex.ru/metrika/tag.js, line 9: WEBGL_debug_renderer_info is deprecated in Firefox and will be removed. Please use RENDERER.
1633804705213	Marionette	INFO	Stopped listening on port 55590
JavaScript error: resource:///modules/Interactions.jsm, line 201: NS_ERROR_FAILURE: Component returned failure code: 0x80004005 (NS_ERROR_FAILURE) [nsIUserIdleService.removeIdleObserver]
console.warn: TopSitesFeed: Failed to fetch data from Contile server: NetworkError when attempting to fetch resource.

###!!! [Parent][RunMessage] Error: Channel closing: too late to send/recv, messages will be lost

1633804749079	geckodriver	INFO	Listening on 127.0.0.1:55649
1633804749104	mozrunner::runner	INFO	Running command: "C:\\Program Files (x86)\\firefox.exe" "--marionette" "-no-remote" "-profile" "C:\\Users\\1D1D~1\\AppData\\Local\\Temp\\rust_mozprofileNScYIn"
1633804749607	Marionette	INFO	Marionette enabled
console.warn: SearchSettings: "get: No settings file exists, new profile?" (new NotFoundError("Could not open the file at C:\\Users\\\u041B\u044E\u0434\u043C\u0438\u043B\u0430\\AppData\\Local\\Temp\\rust_mozprofileNScYIn\\search.json.mozlz4", (void 0)))
1633804752824	Marionette	INFO	Listening on port 55654
1633804752991	RemoteAgent	WARN	TLS certificate errors will be ignored for this session
JavaScript error: https://etk.bosch-plus.ru/app-www/js/bower_components/underscore/underscore.js, line 899: InternalError: too much recursion
JavaScript warning: https://mc.yandex.ru/metrika/tag.js, line 9: WEBGL_debug_renderer_info is deprecated in Firefox and will be removed. Please use RENDERER.
1633804767872	Marionette	INFO	Stopped listening on port 55654
JavaScript error: resource:///modules/Interactions.jsm, line 201: NS_ERROR_FAILURE: Component returned failure code: 0x80004005 (NS_ERROR_FAILURE) [nsIUserIdleService.removeIdleObserver]
console.warn: TopSitesFeed: Failed to fetch data from Contile server: NetworkError when attempting to fetch resource.
1633804828889	geckodriver	INFO	Listening on 127.0.0.1:55718
1633804828903	mozrunner::runner	INFO	Running command: "C:\\Program Files (x86)\\firefox.exe" "--marionette" "-no-remote" "-profile" "C:\\Users\\1D1D~1\\AppData\\Local\\Temp\\rust_mozprofileFcEKUS"
1633804829356	Marionette	INFO	Marionette enabled
console.warn: SearchSettings: "get: No settings file exists, new profile?" (new NotFoundError("Could not open the file at C:\\Users\\\u041B\u044E\u0434\u043C\u0438\u043B\u0430\\AppData\\Local\\Temp\\rust_mozprofileFcEKUS\\search.json.mozlz4", (void 0)))
1633804832542	Marionette	INFO	Listening on port 55723
1633804832753	RemoteAgent	WARN	TLS certificate errors will be ignored for this session
JavaScript error: https://etk.bosch-plus.ru/app-www/js/bower_components/underscore/underscore.js, line 899: InternalError: too much recursion
JavaScript warning: https://mc.yandex.ru/metrika/tag.js, line 9: WEBGL_debug_renderer_info is deprecated in Firefox and will be removed. Please use RENDERER.
1633804841122	Marionette	INFO	Stopped listening on port 55723
JavaScript error: resource:///modules/Interactions.jsm, line 201: NS_ERROR_FAILURE: Component returned failure code: 0x80004005 (NS_ERROR_FAILURE) [nsIUserIdleService.removeIdleObserver]
console.warn: TopSitesFeed: Failed to fetch data from Contile server: NetworkError when attempting to fetch resource.
1633804877998	geckodriver	INFO	Listening on 127.0.0.1:55784
1633804878012	mozrunner::runner	INFO	Running command: "C:\\Program Files (x86)\\firefox.exe" "--marionette" "-no-remote" "-profile" "C:\\Users\\1D1D~1\\AppData\\Local\\Temp\\rust_mozprofileOR59r5"
1633804878483	Marionette	INFO	Marionette enabled
console.warn: SearchSettings: "get: No settings file exists, new profile?" (new NotFoundError("Could not open the file at C:\\Users\\\u041B\u044E\u0434\u043C\u0438\u043B\u0430\\AppData\\Local\\Temp\\rust_mozprofileOR59r5\\search.json.mozlz4", (void 0)))
1633804881438	Marionette	INFO	Listening on port 55789
1633804881866	RemoteAgent	WARN	TLS certificate errors will be ignored for this session
JavaScript error: https://etk.bosch-plus.ru/app-www/js/bower_components/underscore/underscore.js, line 899: InternalError: too much recursion
JavaScript warning: https://mc.yandex.ru/metrika/tag.js, line 9: WEBGL_debug_renderer_info is deprecated in Firefox and will be removed. Please use RENDERER.
1633804898837	Marionette	INFO	Stopped listening on port 55789
JavaScript error: resource:///modules/Interactions.jsm, line 201: NS_ERROR_FAILURE: Component returned failure code: 0x80004005 (NS_ERROR_FAILURE) [nsIUserIdleService.removeIdleObserver]
console.warn: TopSitesFeed: Failed to fetch data from Contile server: NetworkError when attempting to fetch resource.
1633805011366	geckodriver	INFO	Listening on 127.0.0.1:55857
1633805011380	mozrunner::runner	INFO	Running command: "C:\\Program Files (x86)\\firefox.exe" "--marionette" "-no-remote" "-profile" "C:\\Users\\1D1D~1\\AppData\\Local\\Temp\\rust_mozprofilej6uWAs"
1633805011921	Marionette	INFO	Marionette enabled
console.warn: SearchSettings: "get: No settings file exists, new profile?" (new NotFoundError("Could not open the file at C:\\Users\\\u041B\u044E\u0434\u043C\u0438\u043B\u0430\\AppData\\Local\\Temp\\rust_mozprofilej6uWAs\\search.json.mozlz4", (void 0)))
1633805014909	Marionette	INFO	Listening on port 55862
1633805015265	RemoteAgent	WARN	TLS certificate errors will be ignored for this session
JavaScript error: https://etk.bosch-plus.ru/app-www/js/bower_components/underscore/underscore.js, line 899: InternalError: too much recursion
JavaScript warning: https://mc.yandex.ru/metrika/tag.js, line 9: WEBGL_debug_renderer_info is deprecated in Firefox and will be removed. Please use RENDERER.
1633805024463	Marionette	INFO	Stopped listening on port 55862
JavaScript error: resource:///modules/Interactions.jsm, line 201: NS_ERROR_FAILURE: Component returned failure code: 0x80004005 (NS_ERROR_FAILURE) [nsIUserIdleService.removeIdleObserver]
console.warn: TopSitesFeed: Failed to fetch data from Contile server: NetworkError when attempting to fetch resource.

###!!! [Parent][RunMessage] Error: Channel closing: too late to send/recv, messages will be lost

1633805060921	geckodriver	INFO	Listening on 127.0.0.1:55923
1633805060954	mozrunner::runner	INFO	Running command: "C:\\Program Files (x86)\\firefox.exe" "--marionette" "-no-remote" "-profile" "C:\\Users\\1D1D~1\\AppData\\Local\\Temp\\rust_mozprofile6zYK5m"
1633805061437	Marionette	INFO	Marionette enabled
console.warn: SearchSettings: "get: No settings file exists, new profile?" (new NotFoundError("Could not open the file at C:\\Users\\\u041B\u044E\u0434\u043C\u0438\u043B\u0430\\AppData\\Local\\Temp\\rust_mozprofile6zYK5m\\search.json.mozlz4", (void 0)))
1633805064704	Marionette	INFO	Listening on port 55928
1633805064967	RemoteAgent	WARN	TLS certificate errors will be ignored for this session
JavaScript error: https://etk.bosch-plus.ru/app-www/js/bower_components/underscore/underscore.js, line 899: InternalError: too much recursion
JavaScript warning: https://mc.yandex.ru/metrika/tag.js, line 9: WEBGL_debug_renderer_info is deprecated in Firefox and will be removed. Please use RENDERER.
1633805073616	Marionette	INFO	Stopped listening on port 55928
JavaScript error: resource:///modules/Interactions.jsm, line 201: NS_ERROR_FAILURE: Component returned failure code: 0x80004005 (NS_ERROR_FAILURE) [nsIUserIdleService.removeIdleObserver]
console.warn: TopSitesFeed: Failed to fetch data from Contile server: NetworkError when attempting to fetch resource.
1633805079901	geckodriver	INFO	Listening on 127.0.0.1:55985
1633805079915	mozrunner::runner	INFO	Running command: "C:\\Program Files (x86)\\firefox.exe" "--marionette" "-no-remote" "-profile" "C:\\Users\\1D1D~1\\AppData\\Local\\Temp\\rust_mozprofileKp78JE"
1633805080444	Marionette	INFO	Marionette enabled
console.warn: SearchSettings: "get: No settings file exists, new profile?" (new NotFoundError("Could not open the file at C:\\Users\\\u041B\u044E\u0434\u043C\u0438\u043B\u0430\\AppData\\Local\\Temp\\rust_mozprofileKp78JE\\search.json.mozlz4", (void 0)))
1633805083651	Marionette	INFO	Listening on port 55990
1633805083862	RemoteAgent	WARN	TLS certificate errors will be ignored for this session
JavaScript error: https://etk.bosch-plus.ru/app-www/js/bower_components/underscore/underscore.js, line 899: InternalError: too much recursion
JavaScript warning: https://mc.yandex.ru/metrika/tag.js, line 9: WEBGL_debug_renderer_info is deprecated in Firefox and will be removed. Please use RENDERER.
1633805096270	Marionette	INFO	Stopped listening on port 55990
JavaScript error: resource:///modules/Interactions.jsm, line 201: NS_ERROR_FAILURE: Component returned failure code: 0x80004005 (NS_ERROR_FAILURE) [nsIUserIdleService.removeIdleObserver]
console.warn: TopSitesFeed: Failed to fetch data from Contile server: NetworkError when attempting to fetch resource.
[Parent 5840, IPC I/O Parent] WARNING: file /builds/worker/checkouts/gecko/ipc/chromium/src/base/process_util_win.cc:167

###!!! [Parent][RunMessage] Error: Channel closing: too late to send/recv, messages will be lost

1633805126593	geckodriver	INFO	Listening on 127.0.0.1:56049
1633805126617	mozrunner::runner	INFO	Running command: "C:\\Program Files (x86)\\firefox.exe" "--marionette" "-no-remote" "-profile" "C:\\Users\\1D1D~1\\AppData\\Local\\Temp\\rust_mozprofileAEsgts"
1633805127169	Marionette	INFO	Marionette enabled
console.warn: SearchSettings: "get: No settings file exists, new profile?" (new NotFoundError("Could not open the file at C:\\Users\\\u041B\u044E\u0434\u043C\u0438\u043B\u0430\\AppData\\Local\\Temp\\rust_mozprofileAEsgts\\search.json.mozlz4", (void 0)))
1633805130289	Marionette	INFO	Listening on port 56054
1633805130480	RemoteAgent	WARN	TLS certificate errors will be ignored for this session
JavaScript error: https://etk.bosch-plus.ru/app-www/js/bower_components/underscore/underscore.js, line 899: InternalError: too much recursion
JavaScript warning: https://mc.yandex.ru/metrika/tag.js, line 9: WEBGL_debug_renderer_info is deprecated in Firefox and will be removed. Please use RENDERER.
1633805160162	Marionette	INFO	Stopped listening on port 56054
JavaScript error: resource:///modules/Interactions.jsm, line 201: NS_ERROR_FAILURE: Component returned failure code: 0x80004005 (NS_ERROR_FAILURE) [nsIUserIdleService.removeIdleObserver]
console.warn: TopSitesFeed: Failed to fetch data from Contile server: NetworkError when attempting to fetch resource.
1633805223712	geckodriver	INFO	Listening on 127.0.0.1:56115
1633805223736	mozrunner::runner	INFO	Running command: "C:\\Program Files (x86)\\firefox.exe" "--marionette" "-no-remote" "-profile" "C:\\Users\\1D1D~1\\AppData\\Local\\Temp\\rust_mozprofileMvNmnM"
1633805224197	Marionette	INFO	Marionette enabled
console.warn: SearchSettings: "get: No settings file exists, new profile?" (new NotFoundError("Could not open the file at C:\\Users\\\u041B\u044E\u0434\u043C\u0438\u043B\u0430\\AppData\\Local\\Temp\\rust_mozprofileMvNmnM\\search.json.mozlz4", (void 0)))
1633805227443	Marionette	INFO	Listening on port 56120
1633805227764	RemoteAgent	WARN	TLS certificate errors will be ignored for this session
JavaScript error: https://etk.bosch-plus.ru/app-www/js/bower_components/underscore/underscore.js, line 899: InternalError: too much recursion
JavaScript warning: https://mc.yandex.ru/metrika/tag.js, line 9: WEBGL_debug_renderer_info is deprecated in Firefox and will be removed. Please use RENDERER.
1633805244580	Marionette	INFO	Stopped listening on port 56120
JavaScript error: resource:///modules/Interactions.jsm, line 201: NS_ERROR_FAILURE: Component returned failure code: 0x80004005 (NS_ERROR_FAILURE) [nsIUserIdleService.removeIdleObserver]
console.warn: TopSitesFeed: Failed to fetch data from Contile server: NetworkError when attempting to fetch resource.
1633805267477	geckodriver	INFO	Listening on 127.0.0.1:56183
1633805267491	mozrunner::runner	INFO	Running command: "C:\\Program Files (x86)\\firefox.exe" "--marionette" "-no-remote" "-profile" "C:\\Users\\1D1D~1\\AppData\\Local\\Temp\\rust_mozprofile8kcORe"
1633805268023	Marionette	INFO	Marionette enabled
console.warn: SearchSettings: "get: No settings file exists, new profile?" (new NotFoundError("Could not open the file at C:\\Users\\\u041B\u044E\u0434\u043C\u0438\u043B\u0430\\AppData\\Local\\Temp\\rust_mozprofile8kcORe\\search.json.mozlz4", (void 0)))
1633805271100	Marionette	INFO	Listening on port 56188
1633805271375	RemoteAgent	WARN	TLS certificate errors will be ignored for this session
JavaScript error: https://etk.bosch-plus.ru/app-www/js/bower_components/underscore/underscore.js, line 899: InternalError: too much recursion
JavaScript warning: https://mc.yandex.ru/metrika/tag.js, line 9: WEBGL_debug_renderer_info is deprecated in Firefox and will be removed. Please use RENDERER.
1633805280696	Marionette	INFO	Stopped listening on port 56188
JavaScript error: resource:///modules/Interactions.jsm, line 201: NS_ERROR_FAILURE: Component returned failure code: 0x80004005 (NS_ERROR_FAILURE) [nsIUserIdleService.removeIdleObserver]
console.warn: TopSitesFeed: Failed to fetch data from Contile server: NetworkError when attempting to fetch resource.
[Parent 14068, IPC I/O Parent] WARNING: file /builds/worker/checkouts/gecko/ipc/chromium/src/base/process_util_win.cc:167
1633805293602	geckodriver	INFO	Listening on 127.0.0.1:56244
1633805293616	mozrunner::runner	INFO	Running command: "C:\\Program Files (x86)\\firefox.exe" "--marionette" "-no-remote" "-profile" "C:\\Users\\1D1D~1\\AppData\\Local\\Temp\\rust_mozprofileHPuhOQ"
1633805294092	Marionette	INFO	Marionette enabled
console.warn: SearchSettings: "get: No settings file exists, new profile?" (new NotFoundError("Could not open the file at C:\\Users\\\u041B\u044E\u0434\u043C\u0438\u043B\u0430\\AppData\\Local\\Temp\\rust_mozprofileHPuhOQ\\search.json.mozlz4", (void 0)))
1633805297119	Marionette	INFO	Listening on port 56249
1633805297469	RemoteAgent	WARN	TLS certificate errors will be ignored for this session
JavaScript error: https://etk.bosch-plus.ru/app-www/js/bower_components/underscore/underscore.js, line 899: InternalError: too much recursion
JavaScript warning: https://mc.yandex.ru/metrika/tag.js, line 9: WEBGL_debug_renderer_info is deprecated in Firefox and will be removed. Please use RENDERER.
1633805305005	Marionette	INFO	Stopped listening on port 56249
JavaScript error: resource:///modules/Interactions.jsm, line 201: NS_ERROR_FAILURE: Component returned failure code: 0x80004005 (NS_ERROR_FAILURE) [nsIUserIdleService.removeIdleObserver]
console.warn: TopSitesFeed: Failed to fetch data from Contile server: NetworkError when attempting to fetch resource.
1633805332873	geckodriver	INFO	Listening on 127.0.0.1:56315
1633805332896	mozrunner::runner	INFO	Running command: "C:\\Program Files (x86)\\firefox.exe" "--marionette" "-no-remote" "-profile" "C:\\Users\\1D1D~1\\AppData\\Local\\Temp\\rust_mozprofile8H0Qts"
1633805333374	Marionette	INFO	Marionette enabled
console.warn: SearchSettings: "get: No settings file exists, new profile?" (new NotFoundError("Could not open the file at C:\\Users\\\u041B\u044E\u0434\u043C\u0438\u043B\u0430\\AppData\\Local\\Temp\\rust_mozprofile8H0Qts\\search.json.mozlz4", (void 0)))
1633805336638	Marionette	INFO	Listening on port 56320
1633805336808	RemoteAgent	WARN	TLS certificate errors will be ignored for this session
JavaScript error: https://etk.bosch-plus.ru/app-www/js/bower_components/underscore/underscore.js, line 899: InternalError: too much recursion
JavaScript warning: https://mc.yandex.ru/metrika/tag.js, line 9: WEBGL_debug_renderer_info is deprecated in Firefox and will be removed. Please use RENDERER.
1633805358275	Marionette	INFO	Stopped listening on port 56320
JavaScript error: resource:///modules/Interactions.jsm, line 201: NS_ERROR_FAILURE: Component returned failure code: 0x80004005 (NS_ERROR_FAILURE) [nsIUserIdleService.removeIdleObserver]
console.warn: TopSitesFeed: Failed to fetch data from Contile server: NetworkError when attempting to fetch resource.
1633805426383	geckodriver	INFO	Listening on 127.0.0.1:56391
1633805426407	mozrunner::runner	INFO	Running command: "C:\\Program Files (x86)\\firefox.exe" "--marionette" "-no-remote" "-profile" "C:\\Users\\1D1D~1\\AppData\\Local\\Temp\\rust_mozprofileBB8OHS"
1633805427010	Marionette	INFO	Marionette enabled
console.warn: SearchSettings: "get: No settings file exists, new profile?" (new NotFoundError("Could not open the file at C:\\Users\\\u041B\u044E\u0434\u043C\u0438\u043B\u0430\\AppData\\Local\\Temp\\rust_mozprofileBB8OHS\\search.json.mozlz4", (void 0)))
1633805430455	Marionette	INFO	Listening on port 56396
1633805430801	RemoteAgent	WARN	TLS certificate errors will be ignored for this session
JavaScript error: https://etk.bosch-plus.ru/app-www/js/bower_components/underscore/underscore.js, line 899: InternalError: too much recursion
JavaScript warning: https://mc.yandex.ru/metrika/tag.js, line 9: WEBGL_debug_renderer_info is deprecated in Firefox and will be removed. Please use RENDERER.
1633805452430	Marionette	INFO	Stopped listening on port 56396
JavaScript error: resource:///modules/Interactions.jsm, line 201: NS_ERROR_FAILURE: Component returned failure code: 0x80004005 (NS_ERROR_FAILURE) [nsIUserIdleService.removeIdleObserver]
console.warn: TopSitesFeed: Failed to fetch data from Contile server: NetworkError when attempting to fetch resource.
1633806316322	geckodriver	INFO	Listening on 127.0.0.1:56570
1633806316346	mozrunner::runner	INFO	Running command: "C:\\Program Files (x86)\\firefox.exe" "--marionette" "-no-remote" "-profile" "C:\\Users\\1D1D~1\\AppData\\Local\\Temp\\rust_mozprofileS81BtT"
1633806316863	Marionette	INFO	Marionette enabled
console.warn: SearchSettings: "get: No settings file exists, new profile?" (new NotFoundError("Could not open the file at C:\\Users\\\u041B\u044E\u0434\u043C\u0438\u043B\u0430\\AppData\\Local\\Temp\\rust_mozprofileS81BtT\\search.json.mozlz4", (void 0)))
1633806320124	Marionette	INFO	Listening on port 56575
1633806320463	RemoteAgent	WARN	TLS certificate errors will be ignored for this session
JavaScript warning: https://mc.yandex.ru/metrika/tag.js, line 9: WEBGL_debug_renderer_info is deprecated in Firefox and will be removed. Please use RENDERER.
1633806332231	Marionette	INFO	Stopped listening on port 56575
JavaScript error: resource:///modules/Interactions.jsm, line 201: NS_ERROR_FAILURE: Component returned failure code: 0x80004005 (NS_ERROR_FAILURE) [nsIUserIdleService.removeIdleObserver]
console.warn: TopSitesFeed: Failed to fetch data from Contile server: NetworkError when attempting to fetch resource.
1633806344358	geckodriver	INFO	Listening on 127.0.0.1:56633
1633806344381	mozrunner::runner	INFO	Running command: "C:\\Program Files (x86)\\firefox.exe" "--marionette" "-no-remote" "-profile" "C:\\Users\\1D1D~1\\AppData\\Local\\Temp\\rust_mozprofileo99dV8"
1633806344936	Marionette	INFO	Marionette enabled
console.warn: SearchSettings: "get: No settings file exists, new profile?" (new NotFoundError("Could not open the file at C:\\Users\\\u041B\u044E\u0434\u043C\u0438\u043B\u0430\\AppData\\Local\\Temp\\rust_mozprofileo99dV8\\search.json.mozlz4", (void 0)))
1633806348143	Marionette	INFO	Listening on port 56638
1633806348406	RemoteAgent	WARN	TLS certificate errors will be ignored for this session
JavaScript warning: https://mc.yandex.ru/metrika/tag.js, line 9: WEBGL_debug_renderer_info is deprecated in Firefox and will be removed. Please use RENDERER.
1633806370722	Marionette	INFO	Stopped listening on port 56638
JavaScript error: resource:///modules/Interactions.jsm, line 201: NS_ERROR_FAILURE: Component returned failure code: 0x80004005 (NS_ERROR_FAILURE) [nsIUserIdleService.removeIdleObserver]
console.warn: TopSitesFeed: Failed to fetch data from Contile server: NetworkError when attempting to fetch resource.
[Parent 2988, IPC I/O Parent] WARNING: file /builds/worker/checkouts/gecko/ipc/chromium/src/base/process_util_win.cc:167

###!!! [Parent][RunMessage] Error: Channel closing: too late to send/recv, messages will be lost

1633806377975	geckodriver	INFO	Listening on 127.0.0.1:56697
1633806378010	mozrunner::runner	INFO	Running command: "C:\\Program Files (x86)\\firefox.exe" "--marionette" "-no-remote" "-profile" "C:\\Users\\1D1D~1\\AppData\\Local\\Temp\\rust_mozprofileb0a7Ks"
1633806378585	Marionette	INFO	Marionette enabled
console.warn: SearchSettings: "get: No settings file exists, new profile?" (new NotFoundError("Could not open the file at C:\\Users\\\u041B\u044E\u0434\u043C\u0438\u043B\u0430\\AppData\\Local\\Temp\\rust_mozprofileb0a7Ks\\search.json.mozlz4", (void 0)))
1633806381974	Marionette	INFO	Listening on port 56702
1633806382403	RemoteAgent	WARN	TLS certificate errors will be ignored for this session
JavaScript warning: https://mc.yandex.ru/metrika/tag.js, line 9: WEBGL_debug_renderer_info is deprecated in Firefox and will be removed. Please use RENDERER.
1633806426004	Marionette	INFO	Stopped listening on port 56702
JavaScript error: resource:///modules/Interactions.jsm, line 201: NS_ERROR_FAILURE: Component returned failure code: 0x80004005 (NS_ERROR_FAILURE) [nsIUserIdleService.removeIdleObserver]
console.warn: TopSitesFeed: Failed to fetch data from Contile server: NetworkError when attempting to fetch resource.
